[2023-03-03 15:41:11] local.ERROR: Uncaught Error: Interface "Spatie\MediaLibrary\HasMedia" not found in /var/www/html/portofolio-koperasi/app/Models/Folder.php:9
Stack trace:
#0 /var/www/html/portofolio-koperasi/vendor/composer/ClassLoader.php(582): include()
#1 /var/www/html/portofolio-koperasi/vendor/composer/ClassLoader.php(433): Composer\Autoload\{closure}()
#2 [internal function]: Composer\Autoload\ClassLoader->loadClass()
#3 Command line code(1): class_exists()
#4 [internal function]: {closure}()
#5 Command line code(1): array_filter()
#6 {main}
  thrown {"exception":"[object] (Symfony\\Component\\ErrorHandler\\Error\\FatalError(code: 0): Uncaught Error: Interface \"Spatie\\MediaLibrary\\HasMedia\" not found in /var/www/html/portofolio-koperasi/app/Models/Folder.php:9
Stack trace:
#0 /var/www/html/portofolio-koperasi/vendor/composer/ClassLoader.php(582): include()
#1 /var/www/html/portofolio-koperasi/vendor/composer/ClassLoader.php(433): Composer\\Autoload\\{closure}()
#2 [internal function]: Composer\\Autoload\\ClassLoader->loadClass()
#3 Command line code(1): class_exists()
#4 [internal function]: {closure}()
#5 Command line code(1): array_filter()
#6 {main}
  thrown at /var/www/html/portofolio-koperasi/app/Models/Folder.php:9)
[stacktrace]
#0 /var/www/html/portofolio-koperasi/vendor/laravel/framework/src/Illuminate/Foundation/Bootstrap/HandleExceptions.php(255): Symfony\\Component\\ErrorHandler\\Error\\FatalError->__construct(message: '...', code: '...', error: '...', traceOffset: '...', traceArgs: '...', trace: '...')
#1 /var/www/html/portofolio-koperasi/vendor/laravel/framework/src/Illuminate/Foundation/Bootstrap/HandleExceptions.php(242): Illuminate\\Foundation\\Bootstrap\\HandleExceptions->fatalErrorFromPhpError(error: '...', traceOffset: '...')
#2 /var/www/html/portofolio-koperasi/vendor/laravel/framework/src/Illuminate/Foundation/Bootstrap/HandleExceptions.php(266): Illuminate\\Foundation\\Bootstrap\\HandleExceptions->handleShutdown()
#3 /var/www/html/portofolio-koperasi/vendor/laravel/framework/src/Illuminate/Foundation/Bootstrap/HandleExceptions.php(0): Illuminate\\Foundation\\Bootstrap\\HandleExceptions->Illuminate\\Foundation\\Bootstrap\\{closure:/var/www/html/portofolio-koperasi/vendor/laravel/framework/src/Illuminate/Foundation/Bootstrap/HandleExceptions.php:265-267}()
#4 {main}
"} 
[2023-03-03 15:42:11] local.ERROR: Uncaught Error: Interface "Spatie\MediaLibrary\HasMedia" not found in /var/www/html/portofolio-koperasi/app/Models/Folder.php:9
Stack trace:
#0 /var/www/html/portofolio-koperasi/vendor/composer/ClassLoader.php(582): include()
#1 /var/www/html/portofolio-koperasi/vendor/composer/ClassLoader.php(433): Composer\Autoload\{closure}()
#2 [internal function]: Composer\Autoload\ClassLoader->loadClass()
#3 Command line code(1): class_exists()
#4 [internal function]: {closure}()
#5 Command line code(1): array_filter()
#6 {main}
  thrown {"exception":"[object] (Symfony\\Component\\ErrorHandler\\Error\\FatalError(code: 0): Uncaught Error: Interface \"Spatie\\MediaLibrary\\HasMedia\" not found in /var/www/html/portofolio-koperasi/app/Models/Folder.php:9
Stack trace:
#0 /var/www/html/portofolio-koperasi/vendor/composer/ClassLoader.php(582): include()
#1 /var/www/html/portofolio-koperasi/vendor/composer/ClassLoader.php(433): Composer\\Autoload\\{closure}()
#2 [internal function]: Composer\\Autoload\\ClassLoader->loadClass()
#3 Command line code(1): class_exists()
#4 [internal function]: {closure}()
#5 Command line code(1): array_filter()
#6 {main}
  thrown at /var/www/html/portofolio-koperasi/app/Models/Folder.php:9)
[stacktrace]
#0 /var/www/html/portofolio-koperasi/vendor/laravel/framework/src/Illuminate/Foundation/Bootstrap/HandleExceptions.php(255): Symfony\\Component\\ErrorHandler\\Error\\FatalError->__construct(message: '...', code: '...', error: '...', traceOffset: '...', traceArgs: '...', trace: '...')
#1 /var/www/html/portofolio-koperasi/vendor/laravel/framework/src/Illuminate/Foundation/Bootstrap/HandleExceptions.php(242): Illuminate\\Foundation\\Bootstrap\\HandleExceptions->fatalErrorFromPhpError(error: '...', traceOffset: '...')
#2 /var/www/html/portofolio-koperasi/vendor/laravel/framework/src/Illuminate/Foundation/Bootstrap/HandleExceptions.php(266): Illuminate\\Foundation\\Bootstrap\\HandleExceptions->handleShutdown()
#3 /var/www/html/portofolio-koperasi/vendor/laravel/framework/src/Illuminate/Foundation/Bootstrap/HandleExceptions.php(0): Illuminate\\Foundation\\Bootstrap\\HandleExceptions->Illuminate\\Foundation\\Bootstrap\\{closure:/var/www/html/portofolio-koperasi/vendor/laravel/framework/src/Illuminate/Foundation/Bootstrap/HandleExceptions.php:265-267}()
#4 {main}
"} 
[2023-03-03 15:43:11] local.ERROR: Uncaught Error: Interface "Spatie\MediaLibrary\HasMedia" not found in /var/www/html/portofolio-koperasi/app/Models/Folder.php:9
Stack trace:
#0 /var/www/html/portofolio-koperasi/vendor/composer/ClassLoader.php(582): include()
#1 /var/www/html/portofolio-koperasi/vendor/composer/ClassLoader.php(433): Composer\Autoload\{closure}()
#2 [internal function]: Composer\Autoload\ClassLoader->loadClass()
#3 Command line code(1): class_exists()
#4 [internal function]: {closure}()
#5 Command line code(1): array_filter()
#6 {main}
  thrown {"exception":"[object] (Symfony\\Component\\ErrorHandler\\Error\\FatalError(code: 0): Uncaught Error: Interface \"Spatie\\MediaLibrary\\HasMedia\" not found in /var/www/html/portofolio-koperasi/app/Models/Folder.php:9
Stack trace:
#0 /var/www/html/portofolio-koperasi/vendor/composer/ClassLoader.php(582): include()
#1 /var/www/html/portofolio-koperasi/vendor/composer/ClassLoader.php(433): Composer\\Autoload\\{closure}()
#2 [internal function]: Composer\\Autoload\\ClassLoader->loadClass()
#3 Command line code(1): class_exists()
#4 [internal function]: {closure}()
#5 Command line code(1): array_filter()
#6 {main}
  thrown at /var/www/html/portofolio-koperasi/app/Models/Folder.php:9)
[stacktrace]
#0 /var/www/html/portofolio-koperasi/vendor/laravel/framework/src/Illuminate/Foundation/Bootstrap/HandleExceptions.php(255): Symfony\\Component\\ErrorHandler\\Error\\FatalError->__construct(message: '...', code: '...', error: '...', traceOffset: '...', traceArgs: '...', trace: '...')
#1 /var/www/html/portofolio-koperasi/vendor/laravel/framework/src/Illuminate/Foundation/Bootstrap/HandleExceptions.php(242): Illuminate\\Foundation\\Bootstrap\\HandleExceptions->fatalErrorFromPhpError(error: '...', traceOffset: '...')
#2 /var/www/html/portofolio-koperasi/vendor/laravel/framework/src/Illuminate/Foundation/Bootstrap/HandleExceptions.php(266): Illuminate\\Foundation\\Bootstrap\\HandleExceptions->handleShutdown()
#3 /var/www/html/portofolio-koperasi/vendor/laravel/framework/src/Illuminate/Foundation/Bootstrap/HandleExceptions.php(0): Illuminate\\Foundation\\Bootstrap\\HandleExceptions->Illuminate\\Foundation\\Bootstrap\\{closure:/var/www/html/portofolio-koperasi/vendor/laravel/framework/src/Illuminate/Foundation/Bootstrap/HandleExceptions.php:265-267}()
#4 {main}
"} 
[2023-03-03 15:44:11] local.ERROR: Uncaught Error: Interface "Spatie\MediaLibrary\HasMedia" not found in /var/www/html/portofolio-koperasi/app/Models/Folder.php:9
Stack trace:
#0 /var/www/html/portofolio-koperasi/vendor/composer/ClassLoader.php(582): include()
#1 /var/www/html/portofolio-koperasi/vendor/composer/ClassLoader.php(433): Composer\Autoload\{closure}()
#2 [internal function]: Composer\Autoload\ClassLoader->loadClass()
#3 Command line code(1): class_exists()
#4 [internal function]: {closure}()
#5 Command line code(1): array_filter()
#6 {main}
  thrown {"exception":"[object] (Symfony\\Component\\ErrorHandler\\Error\\FatalError(code: 0): Uncaught Error: Interface \"Spatie\\MediaLibrary\\HasMedia\" not found in /var/www/html/portofolio-koperasi/app/Models/Folder.php:9
Stack trace:
#0 /var/www/html/portofolio-koperasi/vendor/composer/ClassLoader.php(582): include()
#1 /var/www/html/portofolio-koperasi/vendor/composer/ClassLoader.php(433): Composer\\Autoload\\{closure}()
#2 [internal function]: Composer\\Autoload\\ClassLoader->loadClass()
#3 Command line code(1): class_exists()
#4 [internal function]: {closure}()
#5 Command line code(1): array_filter()
#6 {main}
  thrown at /var/www/html/portofolio-koperasi/app/Models/Folder.php:9)
[stacktrace]
#0 /var/www/html/portofolio-koperasi/vendor/laravel/framework/src/Illuminate/Foundation/Bootstrap/HandleExceptions.php(255): Symfony\\Component\\ErrorHandler\\Error\\FatalError->__construct(message: '...', code: '...', error: '...', traceOffset: '...', traceArgs: '...', trace: '...')
#1 /var/www/html/portofolio-koperasi/vendor/laravel/framework/src/Illuminate/Foundation/Bootstrap/HandleExceptions.php(242): Illuminate\\Foundation\\Bootstrap\\HandleExceptions->fatalErrorFromPhpError(error: '...', traceOffset: '...')
#2 /var/www/html/portofolio-koperasi/vendor/laravel/framework/src/Illuminate/Foundation/Bootstrap/HandleExceptions.php(266): Illuminate\\Foundation\\Bootstrap\\HandleExceptions->handleShutdown()
#3 /var/www/html/portofolio-koperasi/vendor/laravel/framework/src/Illuminate/Foundation/Bootstrap/HandleExceptions.php(0): Illuminate\\Foundation\\Bootstrap\\HandleExceptions->Illuminate\\Foundation\\Bootstrap\\{closure:/var/www/html/portofolio-koperasi/vendor/laravel/framework/src/Illuminate/Foundation/Bootstrap/HandleExceptions.php:265-267}()
#4 {main}
"} 
[2023-03-03 15:45:11] local.ERROR: Uncaught Error: Interface "Spatie\MediaLibrary\HasMedia" not found in /var/www/html/portofolio-koperasi/app/Models/Folder.php:9
Stack trace:
#0 /var/www/html/portofolio-koperasi/vendor/composer/ClassLoader.php(582): include()
#1 /var/www/html/portofolio-koperasi/vendor/composer/ClassLoader.php(433): Composer\Autoload\{closure}()
#2 [internal function]: Composer\Autoload\ClassLoader->loadClass()
#3 Command line code(1): class_exists()
#4 [internal function]: {closure}()
#5 Command line code(1): array_filter()
#6 {main}
  thrown {"exception":"[object] (Symfony\\Component\\ErrorHandler\\Error\\FatalError(code: 0): Uncaught Error: Interface \"Spatie\\MediaLibrary\\HasMedia\" not found in /var/www/html/portofolio-koperasi/app/Models/Folder.php:9
Stack trace:
#0 /var/www/html/portofolio-koperasi/vendor/composer/ClassLoader.php(582): include()
#1 /var/www/html/portofolio-koperasi/vendor/composer/ClassLoader.php(433): Composer\\Autoload\\{closure}()
#2 [internal function]: Composer\\Autoload\\ClassLoader->loadClass()
#3 Command line code(1): class_exists()
#4 [internal function]: {closure}()
#5 Command line code(1): array_filter()
#6 {main}
  thrown at /var/www/html/portofolio-koperasi/app/Models/Folder.php:9)
[stacktrace]
#0 /var/www/html/portofolio-koperasi/vendor/laravel/framework/src/Illuminate/Foundation/Bootstrap/HandleExceptions.php(255): Symfony\\Component\\ErrorHandler\\Error\\FatalError->__construct(message: '...', code: '...', error: '...', traceOffset: '...', traceArgs: '...', trace: '...')
#1 /var/www/html/portofolio-koperasi/vendor/laravel/framework/src/Illuminate/Foundation/Bootstrap/HandleExceptions.php(242): Illuminate\\Foundation\\Bootstrap\\HandleExceptions->fatalErrorFromPhpError(error: '...', traceOffset: '...')
#2 /var/www/html/portofolio-koperasi/vendor/laravel/framework/src/Illuminate/Foundation/Bootstrap/HandleExceptions.php(266): Illuminate\\Foundation\\Bootstrap\\HandleExceptions->handleShutdown()
#3 /var/www/html/portofolio-koperasi/vendor/laravel/framework/src/Illuminate/Foundation/Bootstrap/HandleExceptions.php(0): Illuminate\\Foundation\\Bootstrap\\HandleExceptions->Illuminate\\Foundation\\Bootstrap\\{closure:/var/www/html/portofolio-koperasi/vendor/laravel/framework/src/Illuminate/Foundation/Bootstrap/HandleExceptions.php:265-267}()
#4 {main}
"} 
[2023-03-03 15:46:11] local.ERROR: Uncaught Error: Interface "Spatie\MediaLibrary\HasMedia" not found in /var/www/html/portofolio-koperasi/app/Models/Folder.php:9
Stack trace:
#0 /var/www/html/portofolio-koperasi/vendor/composer/ClassLoader.php(582): include()
#1 /var/www/html/portofolio-koperasi/vendor/composer/ClassLoader.php(433): Composer\Autoload\{closure}()
#2 [internal function]: Composer\Autoload\ClassLoader->loadClass()
#3 Command line code(1): class_exists()
#4 [internal function]: {closure}()
#5 Command line code(1): array_filter()
#6 {main}
  thrown {"exception":"[object] (Symfony\\Component\\ErrorHandler\\Error\\FatalError(code: 0): Uncaught Error: Interface \"Spatie\\MediaLibrary\\HasMedia\" not found in /var/www/html/portofolio-koperasi/app/Models/Folder.php:9
Stack trace:
#0 /var/www/html/portofolio-koperasi/vendor/composer/ClassLoader.php(582): include()
#1 /var/www/html/portofolio-koperasi/vendor/composer/ClassLoader.php(433): Composer\\Autoload\\{closure}()
#2 [internal function]: Composer\\Autoload\\ClassLoader->loadClass()
#3 Command line code(1): class_exists()
#4 [internal function]: {closure}()
#5 Command line code(1): array_filter()
#6 {main}
  thrown at /var/www/html/portofolio-koperasi/app/Models/Folder.php:9)
[stacktrace]
#0 /var/www/html/portofolio-koperasi/vendor/laravel/framework/src/Illuminate/Foundation/Bootstrap/HandleExceptions.php(255): Symfony\\Component\\ErrorHandler\\Error\\FatalError->__construct(message: '...', code: '...', error: '...', traceOffset: '...', traceArgs: '...', trace: '...')
#1 /var/www/html/portofolio-koperasi/vendor/laravel/framework/src/Illuminate/Foundation/Bootstrap/HandleExceptions.php(242): Illuminate\\Foundation\\Bootstrap\\HandleExceptions->fatalErrorFromPhpError(error: '...', traceOffset: '...')
#2 /var/www/html/portofolio-koperasi/vendor/laravel/framework/src/Illuminate/Foundation/Bootstrap/HandleExceptions.php(266): Illuminate\\Foundation\\Bootstrap\\HandleExceptions->handleShutdown()
#3 /var/www/html/portofolio-koperasi/vendor/laravel/framework/src/Illuminate/Foundation/Bootstrap/HandleExceptions.php(0): Illuminate\\Foundation\\Bootstrap\\HandleExceptions->Illuminate\\Foundation\\Bootstrap\\{closure:/var/www/html/portofolio-koperasi/vendor/laravel/framework/src/Illuminate/Foundation/Bootstrap/HandleExceptions.php:265-267}()
#4 {main}
"} 
[2023-03-03 15:47:11] local.ERROR: Uncaught Error: Interface "Spatie\MediaLibrary\HasMedia" not found in /var/www/html/portofolio-koperasi/app/Models/Folder.php:9
Stack trace:
#0 /var/www/html/portofolio-koperasi/vendor/composer/ClassLoader.php(582): include()
#1 /var/www/html/portofolio-koperasi/vendor/composer/ClassLoader.php(433): Composer\Autoload\{closure}()
#2 [internal function]: Composer\Autoload\ClassLoader->loadClass()
#3 Command line code(1): class_exists()
#4 [internal function]: {closure}()
#5 Command line code(1): array_filter()
#6 {main}
  thrown {"exception":"[object] (Symfony\\Component\\ErrorHandler\\Error\\FatalError(code: 0): Uncaught Error: Interface \"Spatie\\MediaLibrary\\HasMedia\" not found in /var/www/html/portofolio-koperasi/app/Models/Folder.php:9
Stack trace:
#0 /var/www/html/portofolio-koperasi/vendor/composer/ClassLoader.php(582): include()
#1 /var/www/html/portofolio-koperasi/vendor/composer/ClassLoader.php(433): Composer\\Autoload\\{closure}()
#2 [internal function]: Composer\\Autoload\\ClassLoader->loadClass()
#3 Command line code(1): class_exists()
#4 [internal function]: {closure}()
#5 Command line code(1): array_filter()
#6 {main}
  thrown at /var/www/html/portofolio-koperasi/app/Models/Folder.php:9)
[stacktrace]
#0 /var/www/html/portofolio-koperasi/vendor/laravel/framework/src/Illuminate/Foundation/Bootstrap/HandleExceptions.php(255): Symfony\\Component\\ErrorHandler\\Error\\FatalError->__construct(message: '...', code: '...', error: '...', traceOffset: '...', traceArgs: '...', trace: '...')
#1 /var/www/html/portofolio-koperasi/vendor/laravel/framework/src/Illuminate/Foundation/Bootstrap/HandleExceptions.php(242): Illuminate\\Foundation\\Bootstrap\\HandleExceptions->fatalErrorFromPhpError(error: '...', traceOffset: '...')
#2 /var/www/html/portofolio-koperasi/vendor/laravel/framework/src/Illuminate/Foundation/Bootstrap/HandleExceptions.php(266): Illuminate\\Foundation\\Bootstrap\\HandleExceptions->handleShutdown()
#3 /var/www/html/portofolio-koperasi/vendor/laravel/framework/src/Illuminate/Foundation/Bootstrap/HandleExceptions.php(0): Illuminate\\Foundation\\Bootstrap\\HandleExceptions->Illuminate\\Foundation\\Bootstrap\\{closure:/var/www/html/portofolio-koperasi/vendor/laravel/framework/src/Illuminate/Foundation/Bootstrap/HandleExceptions.php:265-267}()
#4 {main}
"} 
[2023-03-03 15:48:11] local.ERROR: Uncaught Error: Interface "Spatie\MediaLibrary\HasMedia" not found in /var/www/html/portofolio-koperasi/app/Models/Folder.php:9
Stack trace:
#0 /var/www/html/portofolio-koperasi/vendor/composer/ClassLoader.php(582): include()
#1 /var/www/html/portofolio-koperasi/vendor/composer/ClassLoader.php(433): Composer\Autoload\{closure}()
#2 [internal function]: Composer\Autoload\ClassLoader->loadClass()
#3 Command line code(1): class_exists()
#4 [internal function]: {closure}()
#5 Command line code(1): array_filter()
#6 {main}
  thrown {"exception":"[object] (Symfony\\Component\\ErrorHandler\\Error\\FatalError(code: 0): Uncaught Error: Interface \"Spatie\\MediaLibrary\\HasMedia\" not found in /var/www/html/portofolio-koperasi/app/Models/Folder.php:9
Stack trace:
#0 /var/www/html/portofolio-koperasi/vendor/composer/ClassLoader.php(582): include()
#1 /var/www/html/portofolio-koperasi/vendor/composer/ClassLoader.php(433): Composer\\Autoload\\{closure}()
#2 [internal function]: Composer\\Autoload\\ClassLoader->loadClass()
#3 Command line code(1): class_exists()
#4 [internal function]: {closure}()
#5 Command line code(1): array_filter()
#6 {main}
  thrown at /var/www/html/portofolio-koperasi/app/Models/Folder.php:9)
[stacktrace]
#0 /var/www/html/portofolio-koperasi/vendor/laravel/framework/src/Illuminate/Foundation/Bootstrap/HandleExceptions.php(255): Symfony\\Component\\ErrorHandler\\Error\\FatalError->__construct(message: '...', code: '...', error: '...', traceOffset: '...', traceArgs: '...', trace: '...')
#1 /var/www/html/portofolio-koperasi/vendor/laravel/framework/src/Illuminate/Foundation/Bootstrap/HandleExceptions.php(242): Illuminate\\Foundation\\Bootstrap\\HandleExceptions->fatalErrorFromPhpError(error: '...', traceOffset: '...')
#2 /var/www/html/portofolio-koperasi/vendor/laravel/framework/src/Illuminate/Foundation/Bootstrap/HandleExceptions.php(266): Illuminate\\Foundation\\Bootstrap\\HandleExceptions->handleShutdown()
#3 /var/www/html/portofolio-koperasi/vendor/laravel/framework/src/Illuminate/Foundation/Bootstrap/HandleExceptions.php(0): Illuminate\\Foundation\\Bootstrap\\HandleExceptions->Illuminate\\Foundation\\Bootstrap\\{closure:/var/www/html/portofolio-koperasi/vendor/laravel/framework/src/Illuminate/Foundation/Bootstrap/HandleExceptions.php:265-267}()
#4 {main}
"} 
[2023-03-03 15:49:11] local.ERROR: Uncaught Error: Interface "Spatie\MediaLibrary\HasMedia" not found in /var/www/html/portofolio-koperasi/app/Models/Folder.php:9
Stack trace:
#0 /var/www/html/portofolio-koperasi/vendor/composer/ClassLoader.php(582): include()
#1 /var/www/html/portofolio-koperasi/vendor/composer/ClassLoader.php(433): Composer\Autoload\{closure}()
#2 [internal function]: Composer\Autoload\ClassLoader->loadClass()
#3 Command line code(1): class_exists()
#4 [internal function]: {closure}()
#5 Command line code(1): array_filter()
#6 {main}
  thrown {"exception":"[object] (Symfony\\Component\\ErrorHandler\\Error\\FatalError(code: 0): Uncaught Error: Interface \"Spatie\\MediaLibrary\\HasMedia\" not found in /var/www/html/portofolio-koperasi/app/Models/Folder.php:9
Stack trace:
#0 /var/www/html/portofolio-koperasi/vendor/composer/ClassLoader.php(582): include()
#1 /var/www/html/portofolio-koperasi/vendor/composer/ClassLoader.php(433): Composer\\Autoload\\{closure}()
#2 [internal function]: Composer\\Autoload\\ClassLoader->loadClass()
#3 Command line code(1): class_exists()
#4 [internal function]: {closure}()
#5 Command line code(1): array_filter()
#6 {main}
  thrown at /var/www/html/portofolio-koperasi/app/Models/Folder.php:9)
[stacktrace]
#0 /var/www/html/portofolio-koperasi/vendor/laravel/framework/src/Illuminate/Foundation/Bootstrap/HandleExceptions.php(255): Symfony\\Component\\ErrorHandler\\Error\\FatalError->__construct(message: '...', code: '...', error: '...', traceOffset: '...', traceArgs: '...', trace: '...')
#1 /var/www/html/portofolio-koperasi/vendor/laravel/framework/src/Illuminate/Foundation/Bootstrap/HandleExceptions.php(242): Illuminate\\Foundation\\Bootstrap\\HandleExceptions->fatalErrorFromPhpError(error: '...', traceOffset: '...')
#2 /var/www/html/portofolio-koperasi/vendor/laravel/framework/src/Illuminate/Foundation/Bootstrap/HandleExceptions.php(266): Illuminate\\Foundation\\Bootstrap\\HandleExceptions->handleShutdown()
#3 /var/www/html/portofolio-koperasi/vendor/laravel/framework/src/Illuminate/Foundation/Bootstrap/HandleExceptions.php(0): Illuminate\\Foundation\\Bootstrap\\HandleExceptions->Illuminate\\Foundation\\Bootstrap\\{closure:/var/www/html/portofolio-koperasi/vendor/laravel/framework/src/Illuminate/Foundation/Bootstrap/HandleExceptions.php:265-267}()
#4 {main}
"} 
[2023-03-03 15:50:11] local.ERROR: Uncaught Error: Interface "Spatie\MediaLibrary\HasMedia" not found in /var/www/html/portofolio-koperasi/app/Models/Folder.php:9
Stack trace:
#0 /var/www/html/portofolio-koperasi/vendor/composer/ClassLoader.php(582): include()
#1 /var/www/html/portofolio-koperasi/vendor/composer/ClassLoader.php(433): Composer\Autoload\{closure}()
#2 [internal function]: Composer\Autoload\ClassLoader->loadClass()
#3 Command line code(1): class_exists()
#4 [internal function]: {closure}()
#5 Command line code(1): array_filter()
#6 {main}
  thrown {"exception":"[object] (Symfony\\Component\\ErrorHandler\\Error\\FatalError(code: 0): Uncaught Error: Interface \"Spatie\\MediaLibrary\\HasMedia\" not found in /var/www/html/portofolio-koperasi/app/Models/Folder.php:9
Stack trace:
#0 /var/www/html/portofolio-koperasi/vendor/composer/ClassLoader.php(582): include()
#1 /var/www/html/portofolio-koperasi/vendor/composer/ClassLoader.php(433): Composer\\Autoload\\{closure}()
#2 [internal function]: Composer\\Autoload\\ClassLoader->loadClass()
#3 Command line code(1): class_exists()
#4 [internal function]: {closure}()
#5 Command line code(1): array_filter()
#6 {main}
  thrown at /var/www/html/portofolio-koperasi/app/Models/Folder.php:9)
[stacktrace]
#0 /var/www/html/portofolio-koperasi/vendor/laravel/framework/src/Illuminate/Foundation/Bootstrap/HandleExceptions.php(255): Symfony\\Component\\ErrorHandler\\Error\\FatalError->__construct(message: '...', code: '...', error: '...', traceOffset: '...', traceArgs: '...', trace: '...')
#1 /var/www/html/portofolio-koperasi/vendor/laravel/framework/src/Illuminate/Foundation/Bootstrap/HandleExceptions.php(242): Illuminate\\Foundation\\Bootstrap\\HandleExceptions->fatalErrorFromPhpError(error: '...', traceOffset: '...')
#2 /var/www/html/portofolio-koperasi/vendor/laravel/framework/src/Illuminate/Foundation/Bootstrap/HandleExceptions.php(266): Illuminate\\Foundation\\Bootstrap\\HandleExceptions->handleShutdown()
#3 /var/www/html/portofolio-koperasi/vendor/laravel/framework/src/Illuminate/Foundation/Bootstrap/HandleExceptions.php(0): Illuminate\\Foundation\\Bootstrap\\HandleExceptions->Illuminate\\Foundation\\Bootstrap\\{closure:/var/www/html/portofolio-koperasi/vendor/laravel/framework/src/Illuminate/Foundation/Bootstrap/HandleExceptions.php:265-267}()
#4 {main}
"} 
[2023-03-03 15:51:11] local.ERROR: Uncaught Error: Interface "Spatie\MediaLibrary\HasMedia" not found in /var/www/html/portofolio-koperasi/app/Models/Folder.php:9
Stack trace:
#0 /var/www/html/portofolio-koperasi/vendor/composer/ClassLoader.php(582): include()
#1 /var/www/html/portofolio-koperasi/vendor/composer/ClassLoader.php(433): Composer\Autoload\{closure}()
#2 [internal function]: Composer\Autoload\ClassLoader->loadClass()
#3 Command line code(1): class_exists()
#4 [internal function]: {closure}()
#5 Command line code(1): array_filter()
#6 {main}
  thrown {"exception":"[object] (Symfony\\Component\\ErrorHandler\\Error\\FatalError(code: 0): Uncaught Error: Interface \"Spatie\\MediaLibrary\\HasMedia\" not found in /var/www/html/portofolio-koperasi/app/Models/Folder.php:9
Stack trace:
#0 /var/www/html/portofolio-koperasi/vendor/composer/ClassLoader.php(582): include()
#1 /var/www/html/portofolio-koperasi/vendor/composer/ClassLoader.php(433): Composer\\Autoload\\{closure}()
#2 [internal function]: Composer\\Autoload\\ClassLoader->loadClass()
#3 Command line code(1): class_exists()
#4 [internal function]: {closure}()
#5 Command line code(1): array_filter()
#6 {main}
  thrown at /var/www/html/portofolio-koperasi/app/Models/Folder.php:9)
[stacktrace]
#0 /var/www/html/portofolio-koperasi/vendor/laravel/framework/src/Illuminate/Foundation/Bootstrap/HandleExceptions.php(255): Symfony\\Component\\ErrorHandler\\Error\\FatalError->__construct(message: '...', code: '...', error: '...', traceOffset: '...', traceArgs: '...', trace: '...')
#1 /var/www/html/portofolio-koperasi/vendor/laravel/framework/src/Illuminate/Foundation/Bootstrap/HandleExceptions.php(242): Illuminate\\Foundation\\Bootstrap\\HandleExceptions->fatalErrorFromPhpError(error: '...', traceOffset: '...')
#2 /var/www/html/portofolio-koperasi/vendor/laravel/framework/src/Illuminate/Foundation/Bootstrap/HandleExceptions.php(266): Illuminate\\Foundation\\Bootstrap\\HandleExceptions->handleShutdown()
#3 /var/www/html/portofolio-koperasi/vendor/laravel/framework/src/Illuminate/Foundation/Bootstrap/HandleExceptions.php(0): Illuminate\\Foundation\\Bootstrap\\HandleExceptions->Illuminate\\Foundation\\Bootstrap\\{closure:/var/www/html/portofolio-koperasi/vendor/laravel/framework/src/Illuminate/Foundation/Bootstrap/HandleExceptions.php:265-267}()
#4 {main}
"} 
[2023-03-03 15:51:58] local.ERROR: Undefined constant Illuminate\Http\Request::HEADER_X_FORWARDED_ALL {"exception":"[object] (Error(code: 0): Undefined constant Illuminate\\Http\\Request::HEADER_X_FORWARDED_ALL at /var/www/html/portofolio-koperasi/vendor/laravel/framework/src/Illuminate/Container/Container.php:929)
[stacktrace]
#0 /var/www/html/portofolio-koperasi/vendor/laravel/framework/src/Illuminate/Container/Container.php(929): ReflectionClass->newInstanceArgs()
#1 /var/www/html/portofolio-koperasi/vendor/laravel/framework/src/Illuminate/Container/Container.php(770): Illuminate\\Container\\Container->build()
#2 /var/www/html/portofolio-koperasi/vendor/laravel/framework/src/Illuminate/Foundation/Application.php(856): Illuminate\\Container\\Container->resolve()
#3 /var/www/html/portofolio-koperasi/vendor/laravel/framework/src/Illuminate/Container/Container.php(706): Illuminate\\Foundation\\Application->resolve()
#4 /var/www/html/portofolio-koperasi/vendor/laravel/framework/src/Illuminate/Foundation/Application.php(841): Illuminate\\Container\\Container->make()
#5 /var/www/html/portofolio-koperasi/vendor/laravel/framework/src/Illuminate/Pipeline/Pipeline.php(169): Illuminate\\Foundation\\Application->make()
#6 /var/www/html/portofolio-koperasi/vendor/laravel/framework/src/Illuminate/Pipeline/Pipeline.php(116): Illuminate\\Pipeline\\Pipeline->Illuminate\\Pipeline\\{closure}()
#7 /var/www/html/portofolio-koperasi/vendor/laravel/framework/src/Illuminate/Foundation/Http/Kernel.php(165): Illuminate\\Pipeline\\Pipeline->then()
#8 /var/www/html/portofolio-koperasi/vendor/laravel/framework/src/Illuminate/Foundation/Http/Kernel.php(134): Illuminate\\Foundation\\Http\\Kernel->sendRequestThroughRouter()
#9 /var/www/html/portofolio-koperasi/public/index.php(55): Illuminate\\Foundation\\Http\\Kernel->handle()
#10 {main}
"} 
[2023-03-03 15:51:58] local.ERROR: Undefined constant Illuminate\Http\Request::HEADER_X_FORWARDED_ALL {"exception":"[object] (Error(code: 0): Undefined constant Illuminate\\Http\\Request::HEADER_X_FORWARDED_ALL at /var/www/html/portofolio-koperasi/vendor/laravel/framework/src/Illuminate/Container/Container.php:929)
[stacktrace]
#0 /var/www/html/portofolio-koperasi/vendor/laravel/framework/src/Illuminate/Container/Container.php(929): ReflectionClass->newInstanceArgs()
#1 /var/www/html/portofolio-koperasi/vendor/laravel/framework/src/Illuminate/Container/Container.php(770): Illuminate\\Container\\Container->build()
#2 /var/www/html/portofolio-koperasi/vendor/laravel/framework/src/Illuminate/Foundation/Application.php(856): Illuminate\\Container\\Container->resolve()
#3 /var/www/html/portofolio-koperasi/vendor/laravel/framework/src/Illuminate/Container/Container.php(706): Illuminate\\Foundation\\Application->resolve()
#4 /var/www/html/portofolio-koperasi/vendor/laravel/framework/src/Illuminate/Foundation/Application.php(841): Illuminate\\Container\\Container->make()
#5 /var/www/html/portofolio-koperasi/vendor/laravel/framework/src/Illuminate/Foundation/Http/Kernel.php(239): Illuminate\\Foundation\\Application->make()
#6 /var/www/html/portofolio-koperasi/vendor/laravel/framework/src/Illuminate/Foundation/Http/Kernel.php(203): Illuminate\\Foundation\\Http\\Kernel->terminateMiddleware()
#7 /var/www/html/portofolio-koperasi/public/index.php(60): Illuminate\\Foundation\\Http\\Kernel->terminate()
#8 {main}
"} 
[2023-03-03 15:52:11] local.ERROR: Uncaught Error: Interface "Spatie\MediaLibrary\HasMedia" not found in /var/www/html/portofolio-koperasi/app/Models/Folder.php:9
Stack trace:
#0 /var/www/html/portofolio-koperasi/vendor/composer/ClassLoader.php(582): include()
#1 /var/www/html/portofolio-koperasi/vendor/composer/ClassLoader.php(433): Composer\Autoload\{closure}()
#2 [internal function]: Composer\Autoload\ClassLoader->loadClass()
#3 Command line code(1): class_exists()
#4 [internal function]: {closure}()
#5 Command line code(1): array_filter()
#6 {main}
  thrown {"exception":"[object] (Symfony\\Component\\ErrorHandler\\Error\\FatalError(code: 0): Uncaught Error: Interface \"Spatie\\MediaLibrary\\HasMedia\" not found in /var/www/html/portofolio-koperasi/app/Models/Folder.php:9
Stack trace:
#0 /var/www/html/portofolio-koperasi/vendor/composer/ClassLoader.php(582): include()
#1 /var/www/html/portofolio-koperasi/vendor/composer/ClassLoader.php(433): Composer\\Autoload\\{closure}()
#2 [internal function]: Composer\\Autoload\\ClassLoader->loadClass()
#3 Command line code(1): class_exists()
#4 [internal function]: {closure}()
#5 Command line code(1): array_filter()
#6 {main}
  thrown at /var/www/html/portofolio-koperasi/app/Models/Folder.php:9)
[stacktrace]
#0 /var/www/html/portofolio-koperasi/vendor/laravel/framework/src/Illuminate/Foundation/Bootstrap/HandleExceptions.php(255): Symfony\\Component\\ErrorHandler\\Error\\FatalError->__construct(message: '...', code: '...', error: '...', traceOffset: '...', traceArgs: '...', trace: '...')
#1 /var/www/html/portofolio-koperasi/vendor/laravel/framework/src/Illuminate/Foundation/Bootstrap/HandleExceptions.php(242): Illuminate\\Foundation\\Bootstrap\\HandleExceptions->fatalErrorFromPhpError(error: '...', traceOffset: '...')
#2 /var/www/html/portofolio-koperasi/vendor/laravel/framework/src/Illuminate/Foundation/Bootstrap/HandleExceptions.php(266): Illuminate\\Foundation\\Bootstrap\\HandleExceptions->handleShutdown()
#3 /var/www/html/portofolio-koperasi/vendor/laravel/framework/src/Illuminate/Foundation/Bootstrap/HandleExceptions.php(0): Illuminate\\Foundation\\Bootstrap\\HandleExceptions->Illuminate\\Foundation\\Bootstrap\\{closure:/var/www/html/portofolio-koperasi/vendor/laravel/framework/src/Illuminate/Foundation/Bootstrap/HandleExceptions.php:265-267}()
#4 {main}
"} 
[2023-03-03 15:53:11] local.ERROR: Uncaught Error: Interface "Spatie\MediaLibrary\HasMedia" not found in /var/www/html/portofolio-koperasi/app/Models/Folder.php:9
Stack trace:
#0 /var/www/html/portofolio-koperasi/vendor/composer/ClassLoader.php(582): include()
#1 /var/www/html/portofolio-koperasi/vendor/composer/ClassLoader.php(433): Composer\Autoload\{closure}()
#2 [internal function]: Composer\Autoload\ClassLoader->loadClass()
#3 Command line code(1): class_exists()
#4 [internal function]: {closure}()
#5 Command line code(1): array_filter()
#6 {main}
  thrown {"exception":"[object] (Symfony\\Component\\ErrorHandler\\Error\\FatalError(code: 0): Uncaught Error: Interface \"Spatie\\MediaLibrary\\HasMedia\" not found in /var/www/html/portofolio-koperasi/app/Models/Folder.php:9
Stack trace:
#0 /var/www/html/portofolio-koperasi/vendor/composer/ClassLoader.php(582): include()
#1 /var/www/html/portofolio-koperasi/vendor/composer/ClassLoader.php(433): Composer\\Autoload\\{closure}()
#2 [internal function]: Composer\\Autoload\\ClassLoader->loadClass()
#3 Command line code(1): class_exists()
#4 [internal function]: {closure}()
#5 Command line code(1): array_filter()
#6 {main}
  thrown at /var/www/html/portofolio-koperasi/app/Models/Folder.php:9)
[stacktrace]
#0 /var/www/html/portofolio-koperasi/vendor/laravel/framework/src/Illuminate/Foundation/Bootstrap/HandleExceptions.php(255): Symfony\\Component\\ErrorHandler\\Error\\FatalError->__construct(message: '...', code: '...', error: '...', traceOffset: '...', traceArgs: '...', trace: '...')
#1 /var/www/html/portofolio-koperasi/vendor/laravel/framework/src/Illuminate/Foundation/Bootstrap/HandleExceptions.php(242): Illuminate\\Foundation\\Bootstrap\\HandleExceptions->fatalErrorFromPhpError(error: '...', traceOffset: '...')
#2 /var/www/html/portofolio-koperasi/vendor/laravel/framework/src/Illuminate/Foundation/Bootstrap/HandleExceptions.php(266): Illuminate\\Foundation\\Bootstrap\\HandleExceptions->handleShutdown()
#3 /var/www/html/portofolio-koperasi/vendor/laravel/framework/src/Illuminate/Foundation/Bootstrap/HandleExceptions.php(0): Illuminate\\Foundation\\Bootstrap\\HandleExceptions->Illuminate\\Foundation\\Bootstrap\\{closure:/var/www/html/portofolio-koperasi/vendor/laravel/framework/src/Illuminate/Foundation/Bootstrap/HandleExceptions.php:265-267}()
#4 {main}
"} 
[2023-03-03 15:54:11] local.ERROR: Uncaught Error: Interface "Spatie\MediaLibrary\HasMedia" not found in /var/www/html/portofolio-koperasi/app/Models/Folder.php:9
Stack trace:
#0 /var/www/html/portofolio-koperasi/vendor/composer/ClassLoader.php(582): include()
#1 /var/www/html/portofolio-koperasi/vendor/composer/ClassLoader.php(433): Composer\Autoload\{closure}()
#2 [internal function]: Composer\Autoload\ClassLoader->loadClass()
#3 Command line code(1): class_exists()
#4 [internal function]: {closure}()
#5 Command line code(1): array_filter()
#6 {main}
  thrown {"exception":"[object] (Symfony\\Component\\ErrorHandler\\Error\\FatalError(code: 0): Uncaught Error: Interface \"Spatie\\MediaLibrary\\HasMedia\" not found in /var/www/html/portofolio-koperasi/app/Models/Folder.php:9
Stack trace:
#0 /var/www/html/portofolio-koperasi/vendor/composer/ClassLoader.php(582): include()
#1 /var/www/html/portofolio-koperasi/vendor/composer/ClassLoader.php(433): Composer\\Autoload\\{closure}()
#2 [internal function]: Composer\\Autoload\\ClassLoader->loadClass()
#3 Command line code(1): class_exists()
#4 [internal function]: {closure}()
#5 Command line code(1): array_filter()
#6 {main}
  thrown at /var/www/html/portofolio-koperasi/app/Models/Folder.php:9)
[stacktrace]
#0 /var/www/html/portofolio-koperasi/vendor/laravel/framework/src/Illuminate/Foundation/Bootstrap/HandleExceptions.php(255): Symfony\\Component\\ErrorHandler\\Error\\FatalError->__construct(message: '...', code: '...', error: '...', traceOffset: '...', traceArgs: '...', trace: '...')
#1 /var/www/html/portofolio-koperasi/vendor/laravel/framework/src/Illuminate/Foundation/Bootstrap/HandleExceptions.php(242): Illuminate\\Foundation\\Bootstrap\\HandleExceptions->fatalErrorFromPhpError(error: '...', traceOffset: '...')
#2 /var/www/html/portofolio-koperasi/vendor/laravel/framework/src/Illuminate/Foundation/Bootstrap/HandleExceptions.php(266): Illuminate\\Foundation\\Bootstrap\\HandleExceptions->handleShutdown()
#3 /var/www/html/portofolio-koperasi/vendor/laravel/framework/src/Illuminate/Foundation/Bootstrap/HandleExceptions.php(0): Illuminate\\Foundation\\Bootstrap\\HandleExceptions->Illuminate\\Foundation\\Bootstrap\\{closure:/var/www/html/portofolio-koperasi/vendor/laravel/framework/src/Illuminate/Foundation/Bootstrap/HandleExceptions.php:265-267}()
#4 {main}
"} 
[2023-03-03 15:55:11] local.ERROR: Uncaught Error: Interface "Spatie\MediaLibrary\HasMedia" not found in /var/www/html/portofolio-koperasi/app/Models/Folder.php:9
Stack trace:
#0 /var/www/html/portofolio-koperasi/vendor/composer/ClassLoader.php(582): include()
#1 /var/www/html/portofolio-koperasi/vendor/composer/ClassLoader.php(433): Composer\Autoload\{closure}()
#2 [internal function]: Composer\Autoload\ClassLoader->loadClass()
#3 Command line code(1): class_exists()
#4 [internal function]: {closure}()
#5 Command line code(1): array_filter()
#6 {main}
  thrown {"exception":"[object] (Symfony\\Component\\ErrorHandler\\Error\\FatalError(code: 0): Uncaught Error: Interface \"Spatie\\MediaLibrary\\HasMedia\" not found in /var/www/html/portofolio-koperasi/app/Models/Folder.php:9
Stack trace:
#0 /var/www/html/portofolio-koperasi/vendor/composer/ClassLoader.php(582): include()
#1 /var/www/html/portofolio-koperasi/vendor/composer/ClassLoader.php(433): Composer\\Autoload\\{closure}()
#2 [internal function]: Composer\\Autoload\\ClassLoader->loadClass()
#3 Command line code(1): class_exists()
#4 [internal function]: {closure}()
#5 Command line code(1): array_filter()
#6 {main}
  thrown at /var/www/html/portofolio-koperasi/app/Models/Folder.php:9)
[stacktrace]
#0 /var/www/html/portofolio-koperasi/vendor/laravel/framework/src/Illuminate/Foundation/Bootstrap/HandleExceptions.php(255): Symfony\\Component\\ErrorHandler\\Error\\FatalError->__construct(message: '...', code: '...', error: '...', traceOffset: '...', traceArgs: '...', trace: '...')
#1 /var/www/html/portofolio-koperasi/vendor/laravel/framework/src/Illuminate/Foundation/Bootstrap/HandleExceptions.php(242): Illuminate\\Foundation\\Bootstrap\\HandleExceptions->fatalErrorFromPhpError(error: '...', traceOffset: '...')
#2 /var/www/html/portofolio-koperasi/vendor/laravel/framework/src/Illuminate/Foundation/Bootstrap/HandleExceptions.php(266): Illuminate\\Foundation\\Bootstrap\\HandleExceptions->handleShutdown()
#3 /var/www/html/portofolio-koperasi/vendor/laravel/framework/src/Illuminate/Foundation/Bootstrap/HandleExceptions.php(0): Illuminate\\Foundation\\Bootstrap\\HandleExceptions->Illuminate\\Foundation\\Bootstrap\\{closure:/var/www/html/portofolio-koperasi/vendor/laravel/framework/src/Illuminate/Foundation/Bootstrap/HandleExceptions.php:265-267}()
#4 {main}
"} 
[2023-03-03 15:56:11] local.ERROR: Uncaught Error: Interface "Spatie\MediaLibrary\HasMedia" not found in /var/www/html/portofolio-koperasi/app/Models/Folder.php:9
Stack trace:
#0 /var/www/html/portofolio-koperasi/vendor/composer/ClassLoader.php(582): include()
#1 /var/www/html/portofolio-koperasi/vendor/composer/ClassLoader.php(433): Composer\Autoload\{closure}()
#2 [internal function]: Composer\Autoload\ClassLoader->loadClass()
#3 Command line code(1): class_exists()
#4 [internal function]: {closure}()
#5 Command line code(1): array_filter()
#6 {main}
  thrown {"exception":"[object] (Symfony\\Component\\ErrorHandler\\Error\\FatalError(code: 0): Uncaught Error: Interface \"Spatie\\MediaLibrary\\HasMedia\" not found in /var/www/html/portofolio-koperasi/app/Models/Folder.php:9
Stack trace:
#0 /var/www/html/portofolio-koperasi/vendor/composer/ClassLoader.php(582): include()
#1 /var/www/html/portofolio-koperasi/vendor/composer/ClassLoader.php(433): Composer\\Autoload\\{closure}()
#2 [internal function]: Composer\\Autoload\\ClassLoader->loadClass()
#3 Command line code(1): class_exists()
#4 [internal function]: {closure}()
#5 Command line code(1): array_filter()
#6 {main}
  thrown at /var/www/html/portofolio-koperasi/app/Models/Folder.php:9)
[stacktrace]
#0 /var/www/html/portofolio-koperasi/vendor/laravel/framework/src/Illuminate/Foundation/Bootstrap/HandleExceptions.php(255): Symfony\\Component\\ErrorHandler\\Error\\FatalError->__construct(message: '...', code: '...', error: '...', traceOffset: '...', traceArgs: '...', trace: '...')
#1 /var/www/html/portofolio-koperasi/vendor/laravel/framework/src/Illuminate/Foundation/Bootstrap/HandleExceptions.php(242): Illuminate\\Foundation\\Bootstrap\\HandleExceptions->fatalErrorFromPhpError(error: '...', traceOffset: '...')
#2 /var/www/html/portofolio-koperasi/vendor/laravel/framework/src/Illuminate/Foundation/Bootstrap/HandleExceptions.php(266): Illuminate\\Foundation\\Bootstrap\\HandleExceptions->handleShutdown()
#3 /var/www/html/portofolio-koperasi/vendor/laravel/framework/src/Illuminate/Foundation/Bootstrap/HandleExceptions.php(0): Illuminate\\Foundation\\Bootstrap\\HandleExceptions->Illuminate\\Foundation\\Bootstrap\\{closure:/var/www/html/portofolio-koperasi/vendor/laravel/framework/src/Illuminate/Foundation/Bootstrap/HandleExceptions.php:265-267}()
#4 {main}
"} 
[2023-03-03 15:57:04] local.ERROR: Class "App\Http\Controllers\Column" not found {"userId":1,"exception":"[object] (Error(code: 0): Class \"App\\Http\\Controllers\\Column\" not found at /var/www/html/portofolio-koperasi/app/Http/Controllers/AnggotaKoperasiController.php:28)
[stacktrace]
#0 /var/www/html/portofolio-koperasi/vendor/laravel/framework/src/Illuminate/Routing/Controller.php(54): App\\Http\\Controllers\\AnggotaKoperasiController->index()
#1 /var/www/html/portofolio-koperasi/vendor/laravel/framework/src/Illuminate/Routing/ControllerDispatcher.php(43): Illuminate\\Routing\\Controller->callAction()
#2 /var/www/html/portofolio-koperasi/vendor/laravel/framework/src/Illuminate/Routing/Route.php(260): Illuminate\\Routing\\ControllerDispatcher->dispatch()
#3 /var/www/html/portofolio-koperasi/vendor/laravel/framework/src/Illuminate/Routing/Route.php(205): Illuminate\\Routing\\Route->runController()
#4 /var/www/html/portofolio-koperasi/vendor/laravel/framework/src/Illuminate/Routing/Router.php(798): Illuminate\\Routing\\Route->run()
#5 /var/www/html/portofolio-koperasi/vendor/laravel/framework/src/Illuminate/Pipeline/Pipeline.php(141): Illuminate\\Routing\\Router->Illuminate\\Routing\\{closure}()
#6 /var/www/html/portofolio-koperasi/vendor/spatie/laravel-permission/src/Middlewares/RoleMiddleware.php(27): Illuminate\\Pipeline\\Pipeline->Illuminate\\Pipeline\\{closure}()
#7 /var/www/html/portofolio-koperasi/vendor/laravel/framework/src/Illuminate/Pipeline/Pipeline.php(180): Spatie\\Permission\\Middlewares\\RoleMiddleware->handle()
#8 /var/www/html/portofolio-koperasi/app/Http/Middleware/GetMenu.php(56): Illuminate\\Pipeline\\Pipeline->Illuminate\\Pipeline\\{closure}()
#9 /var/www/html/portofolio-koperasi/vendor/laravel/framework/src/Illuminate/Pipeline/Pipeline.php(180): App\\Http\\Middleware\\GetMenu->handle()
#10 /var/www/html/portofolio-koperasi/vendor/laravel/framework/src/Illuminate/Routing/Middleware/SubstituteBindings.php(50): Illuminate\\Pipeline\\Pipeline->Illuminate\\Pipeline\\{closure}()
#11 /var/www/html/portofolio-koperasi/vendor/laravel/framework/src/Illuminate/Pipeline/Pipeline.php(180): Illuminate\\Routing\\Middleware\\SubstituteBindings->handle()
#12 /var/www/html/portofolio-koperasi/vendor/laravel/framework/src/Illuminate/Foundation/Http/Middleware/VerifyCsrfToken.php(78): Illuminate\\Pipeline\\Pipeline->Illuminate\\Pipeline\\{closure}()
#13 /var/www/html/portofolio-koperasi/vendor/laravel/framework/src/Illuminate/Pipeline/Pipeline.php(180): Illuminate\\Foundation\\Http\\Middleware\\VerifyCsrfToken->handle()
#14 /var/www/html/portofolio-koperasi/vendor/laravel/framework/src/Illuminate/View/Middleware/ShareErrorsFromSession.php(49): Illuminate\\Pipeline\\Pipeline->Illuminate\\Pipeline\\{closure}()
#15 /var/www/html/portofolio-koperasi/vendor/laravel/framework/src/Illuminate/Pipeline/Pipeline.php(180): Illuminate\\View\\Middleware\\ShareErrorsFromSession->handle()
#16 /var/www/html/portofolio-koperasi/vendor/laravel/framework/src/Illuminate/Session/Middleware/StartSession.php(121): Illuminate\\Pipeline\\Pipeline->Illuminate\\Pipeline\\{closure}()
#17 /var/www/html/portofolio-koperasi/vendor/laravel/framework/src/Illuminate/Session/Middleware/StartSession.php(64): Illuminate\\Session\\Middleware\\StartSession->handleStatefulRequest()
#18 /var/www/html/portofolio-koperasi/vendor/laravel/framework/src/Illuminate/Pipeline/Pipeline.php(180): Illuminate\\Session\\Middleware\\StartSession->handle()
#19 /var/www/html/portofolio-koperasi/vendor/laravel/framework/src/Illuminate/Cookie/Middleware/AddQueuedCookiesToResponse.php(37): Illuminate\\Pipeline\\Pipeline->Illuminate\\Pipeline\\{closure}()
#20 /var/www/html/portofolio-koperasi/vendor/laravel/framework/src/Illuminate/Pipeline/Pipeline.php(180): Illuminate\\Cookie\\Middleware\\AddQueuedCookiesToResponse->handle()
#21 /var/www/html/portofolio-koperasi/vendor/laravel/framework/src/Illuminate/Cookie/Middleware/EncryptCookies.php(67): Illuminate\\Pipeline\\Pipeline->Illuminate\\Pipeline\\{closure}()
#22 /var/www/html/portofolio-koperasi/vendor/laravel/framework/src/Illuminate/Pipeline/Pipeline.php(180): Illuminate\\Cookie\\Middleware\\EncryptCookies->handle()
#23 /var/www/html/portofolio-koperasi/vendor/laravel/framework/src/Illuminate/Pipeline/Pipeline.php(116): Illuminate\\Pipeline\\Pipeline->Illuminate\\Pipeline\\{closure}()
#24 /var/www/html/portofolio-koperasi/vendor/laravel/framework/src/Illuminate/Routing/Router.php(799): Illuminate\\Pipeline\\Pipeline->then()
#25 /var/www/html/portofolio-koperasi/vendor/laravel/framework/src/Illuminate/Routing/Router.php(776): Illuminate\\Routing\\Router->runRouteWithinStack()
#26 /var/www/html/portofolio-koperasi/vendor/laravel/framework/src/Illuminate/Routing/Router.php(740): Illuminate\\Routing\\Router->runRoute()
#27 /var/www/html/portofolio-koperasi/vendor/laravel/framework/src/Illuminate/Routing/Router.php(729): Illuminate\\Routing\\Router->dispatchToRoute()
#28 /var/www/html/portofolio-koperasi/vendor/laravel/framework/src/Illuminate/Foundation/Http/Kernel.php(190): Illuminate\\Routing\\Router->dispatch()
#29 /var/www/html/portofolio-koperasi/vendor/laravel/framework/src/Illuminate/Pipeline/Pipeline.php(141): Illuminate\\Foundation\\Http\\Kernel->Illuminate\\Foundation\\Http\\{closure}()
#30 /var/www/html/portofolio-koperasi/vendor/barryvdh/laravel-debugbar/src/Middleware/InjectDebugbar.php(66): Illuminate\\Pipeline\\Pipeline->Illuminate\\Pipeline\\{closure}()
#31 /var/www/html/portofolio-koperasi/vendor/laravel/framework/src/Illuminate/Pipeline/Pipeline.php(180): Barryvdh\\Debugbar\\Middleware\\InjectDebugbar->handle()
#32 /var/www/html/portofolio-koperasi/vendor/laravel/framework/src/Illuminate/Foundation/Http/Middleware/TransformsRequest.php(21): Illuminate\\Pipeline\\Pipeline->Illuminate\\Pipeline\\{closure}()
#33 /var/www/html/portofolio-koperasi/vendor/laravel/framework/src/Illuminate/Foundation/Http/Middleware/ConvertEmptyStringsToNull.php(31): Illuminate\\Foundation\\Http\\Middleware\\TransformsRequest->handle()
#34 /var/www/html/portofolio-koperasi/vendor/laravel/framework/src/Illuminate/Pipeline/Pipeline.php(180): Illuminate\\Foundation\\Http\\Middleware\\ConvertEmptyStringsToNull->handle()
#35 /var/www/html/portofolio-koperasi/vendor/laravel/framework/src/Illuminate/Foundation/Http/Middleware/TransformsRequest.php(21): Illuminate\\Pipeline\\Pipeline->Illuminate\\Pipeline\\{closure}()
#36 /var/www/html/portofolio-koperasi/vendor/laravel/framework/src/Illuminate/Foundation/Http/Middleware/TrimStrings.php(40): Illuminate\\Foundation\\Http\\Middleware\\TransformsRequest->handle()
#37 /var/www/html/portofolio-koperasi/vendor/laravel/framework/src/Illuminate/Pipeline/Pipeline.php(180): Illuminate\\Foundation\\Http\\Middleware\\TrimStrings->handle()
#38 /var/www/html/portofolio-koperasi/vendor/laravel/framework/src/Illuminate/Foundation/Http/Middleware/ValidatePostSize.php(27): Illuminate\\Pipeline\\Pipeline->Illuminate\\Pipeline\\{closure}()
#39 /var/www/html/portofolio-koperasi/vendor/laravel/framework/src/Illuminate/Pipeline/Pipeline.php(180): Illuminate\\Foundation\\Http\\Middleware\\ValidatePostSize->handle()
#40 /var/www/html/portofolio-koperasi/vendor/laravel/framework/src/Illuminate/Foundation/Http/Middleware/PreventRequestsDuringMaintenance.php(86): Illuminate\\Pipeline\\Pipeline->Illuminate\\Pipeline\\{closure}()
#41 /var/www/html/portofolio-koperasi/vendor/laravel/framework/src/Illuminate/Pipeline/Pipeline.php(180): Illuminate\\Foundation\\Http\\Middleware\\PreventRequestsDuringMaintenance->handle()
#42 /var/www/html/portofolio-koperasi/vendor/laravel/framework/src/Illuminate/Http/Middleware/TrustProxies.php(39): Illuminate\\Pipeline\\Pipeline->Illuminate\\Pipeline\\{closure}()
#43 /var/www/html/portofolio-koperasi/vendor/laravel/framework/src/Illuminate/Pipeline/Pipeline.php(180): Illuminate\\Http\\Middleware\\TrustProxies->handle()
#44 /var/www/html/portofolio-koperasi/vendor/laravel/framework/src/Illuminate/Pipeline/Pipeline.php(116): Illuminate\\Pipeline\\Pipeline->Illuminate\\Pipeline\\{closure}()
#45 /var/www/html/portofolio-koperasi/vendor/laravel/framework/src/Illuminate/Foundation/Http/Kernel.php(165): Illuminate\\Pipeline\\Pipeline->then()
#46 /var/www/html/portofolio-koperasi/vendor/laravel/framework/src/Illuminate/Foundation/Http/Kernel.php(134): Illuminate\\Foundation\\Http\\Kernel->sendRequestThroughRouter()
#47 /var/www/html/portofolio-koperasi/public/index.php(55): Illuminate\\Foundation\\Http\\Kernel->handle()
#48 {main}
"} 
[2023-03-03 15:57:11] local.ERROR: Uncaught Error: Interface "Spatie\MediaLibrary\HasMedia" not found in /var/www/html/portofolio-koperasi/app/Models/Folder.php:9
Stack trace:
#0 /var/www/html/portofolio-koperasi/vendor/composer/ClassLoader.php(582): include()
#1 /var/www/html/portofolio-koperasi/vendor/composer/ClassLoader.php(433): Composer\Autoload\{closure}()
#2 [internal function]: Composer\Autoload\ClassLoader->loadClass()
#3 Command line code(1): class_exists()
#4 [internal function]: {closure}()
#5 Command line code(1): array_filter()
#6 {main}
  thrown {"exception":"[object] (Symfony\\Component\\ErrorHandler\\Error\\FatalError(code: 0): Uncaught Error: Interface \"Spatie\\MediaLibrary\\HasMedia\" not found in /var/www/html/portofolio-koperasi/app/Models/Folder.php:9
Stack trace:
#0 /var/www/html/portofolio-koperasi/vendor/composer/ClassLoader.php(582): include()
#1 /var/www/html/portofolio-koperasi/vendor/composer/ClassLoader.php(433): Composer\\Autoload\\{closure}()
#2 [internal function]: Composer\\Autoload\\ClassLoader->loadClass()
#3 Command line code(1): class_exists()
#4 [internal function]: {closure}()
#5 Command line code(1): array_filter()
#6 {main}
  thrown at /var/www/html/portofolio-koperasi/app/Models/Folder.php:9)
[stacktrace]
#0 /var/www/html/portofolio-koperasi/vendor/laravel/framework/src/Illuminate/Foundation/Bootstrap/HandleExceptions.php(255): Symfony\\Component\\ErrorHandler\\Error\\FatalError->__construct(message: '...', code: '...', error: '...', traceOffset: '...', traceArgs: '...', trace: '...')
#1 /var/www/html/portofolio-koperasi/vendor/laravel/framework/src/Illuminate/Foundation/Bootstrap/HandleExceptions.php(242): Illuminate\\Foundation\\Bootstrap\\HandleExceptions->fatalErrorFromPhpError(error: '...', traceOffset: '...')
#2 /var/www/html/portofolio-koperasi/vendor/laravel/framework/src/Illuminate/Foundation/Bootstrap/HandleExceptions.php(266): Illuminate\\Foundation\\Bootstrap\\HandleExceptions->handleShutdown()
#3 /var/www/html/portofolio-koperasi/vendor/laravel/framework/src/Illuminate/Foundation/Bootstrap/HandleExceptions.php(0): Illuminate\\Foundation\\Bootstrap\\HandleExceptions->Illuminate\\Foundation\\Bootstrap\\{closure:/var/www/html/portofolio-koperasi/vendor/laravel/framework/src/Illuminate/Foundation/Bootstrap/HandleExceptions.php:265-267}()
#4 {main}
"} 
